

Would you like to terminate autoinstall? [yes]: 


         --- System Configuration Dialog ---

Would you like to enter the initial configuration dialog? [yes/no]: no
Switch>
Switch>
00:04:16: %LINK-5-CHANGED: Interface Vlan1, changed state to administratively down
Switch>
Switch>
Switch>
Switch>terminal length 0
Switch>terminal width 511
Switch>
Switch>enable
Switch#
Switch#
Switch#
Switch#terminal no monitor
Switch#
Switch#show version
Cisco IOS Software, C3560 Software (C3560-IPBASEK9-M), Version 12.2(25)SEE3, RELEASE SOFTWARE (fc2)
Copyright (c) 1986-2007 by Cisco Systems, Inc.
Compiled Thu 22-Feb-07 15:39 by myl
Image text-base: 0x00003000, data-base: 0x00FF46A8

ROM: Bootstrap program is C3560 boot loader
BOOTLDR: C3560 Boot Loader (C3560-HBOOT-M) Version 12.2(25r)SEC, RELEASE SOFTWARE (fc4)

Switch uptime is 5 minutes
System returned to ROM by power-on
System image file is "flash:c3560-ipbasek9-mz.122-25.SEE3/c3560-ipbasek9-mz.122-25.SEE3.bin"


This product contains cryptographic features and is subject to United
States and local country laws governing import, export, transfer and
use. Delivery of Cisco cryptographic products does not imply
third-party authority to import, export, distribute or use encryption.
Importers, exporters, distributors and users are responsible for
compliance with U.S. and local country laws. By using this product you
agree to comply with applicable laws and regulations. If you are unable
to comply with U.S. and local laws, return this product immediately.

A summary of U.S. laws governing Cisco cryptographic products may be found at:
http://www.cisco.com/wwl/export/crypto/tool/stqrg.html

If you require further assistance please contact us by sending email to
export@cisco.com.

cisco WS-C3560-48PS (PowerPC405) processor (revision R0) with 118784K/12280K bytes of memory.
Processor board ID FDO1307Y3AZ
Last reset from power-on
1 Virtual Ethernet interface
48 FastEthernet interfaces
4 Gigabit Ethernet interfaces
The password-recovery mechanism is enabled.

512K bytes of flash-simulated non-volatile configuration memory.
Base ethernet MAC Address       : 00:24:F7:98:41:00
Motherboard assembly number     : 73-9676-14
Power supply part number        : 341-0029-05
Motherboard serial number       : FDO130803YT
Power supply serial number      : LIT13010MCX
Model revision number           : R0
Motherboard revision number     : B0
Model number                    : WS-C3560-48PS-E
System serial number            : FDO1307Y3AZ
SFP Module assembly part number : 73-7757-03
SFP Module revision Number      : A0
SFP Module serial number        : FDO13070TPS
Top Assembly Part Number        : 800-26378-04
Top Assembly Revision Number    : C0
Version ID                      : V06
CLEI Code Number                : COMU110ARA
Hardware Board Revision Number  : 0x01


Switch   Ports  Model              SW Version              SW Image            
------   -----  -----              ----------              ----------          
*    1   52     WS-C3560-48PS      12.2(25)SEE3            C3560-IPBASEK9-M    


Configuration register is 0xF

Switch#
Switch#show inventory
NAME: "1", DESCR: "WS-C3560-48PS"
PID: WS-C3560-48PS-E   , VID: V06, SN: FDO1307Y3AZ


Switch#
Switch#show version
Cisco IOS Software, C3560 Software (C3560-IPBASEK9-M), Version 12.2(25)SEE3, RELEASE SOFTWARE (fc2)
Copyright (c) 1986-2007 by Cisco Systems, Inc.
Compiled Thu 22-Feb-07 15:39 by myl
Image text-base: 0x00003000, data-base: 0x00FF46A8

ROM: Bootstrap program is C3560 boot loader
BOOTLDR: C3560 Boot Loader (C3560-HBOOT-M) Version 12.2(25r)SEC, RELEASE SOFTWARE (fc4)

Switch uptime is 5 minutes
System returned to ROM by power-on
System image file is "flash:c3560-ipbasek9-mz.122-25.SEE3/c3560-ipbasek9-mz.122-25.SEE3.bin"


This product contains cryptographic features and is subject to United
States and local country laws governing import, export, transfer and
use. Delivery of Cisco cryptographic products does not imply
third-party authority to import, export, distribute or use encryption.
Importers, exporters, distributors and users are responsible for
compliance with U.S. and local country laws. By using this product you
agree to comply with applicable laws and regulations. If you are unable
to comply with U.S. and local laws, return this product immediately.

A summary of U.S. laws governing Cisco cryptographic products may be found at:
http://www.cisco.com/wwl/export/crypto/tool/stqrg.html

If you require further assistance please contact us by sending email to
export@cisco.com.

cisco WS-C3560-48PS (PowerPC405) processor (revision R0) with 118784K/12280K bytes of memory.
Processor board ID FDO1307Y3AZ
Last reset from power-on
1 Virtual Ethernet interface
48 FastEthernet interfaces
4 Gigabit Ethernet interfaces
The password-recovery mechanism is enabled.

512K bytes of flash-simulated non-volatile configuration memory.
Base ethernet MAC Address       : 00:24:F7:98:41:00
Motherboard assembly number     : 73-9676-14
Power supply part number        : 341-0029-05
Motherboard serial number       : FDO130803YT
Power supply serial number      : LIT13010MCX
Model revision number           : R0
Motherboard revision number     : B0
Model number                    : WS-C3560-48PS-E
System serial number            : FDO1307Y3AZ
SFP Module assembly part number : 73-7757-03
SFP Module revision Number      : A0
SFP Module serial number        : FDO13070TPS
Top Assembly Part Number        : 800-26378-04
Top Assembly Revision Number    : C0
Version ID                      : V06
CLEI Code Number                : COMU110ARA
Hardware Board Revision Number  : 0x01


Switch   Ports  Model              SW Version              SW Image            
------   -----  -----              ----------              ----------          
*    1   52     WS-C3560-48PS      12.2(25)SEE3            C3560-IPBASEK9-M    


Configuration register is 0xF

Switch#
Switch#show inventory
NAME: "1", DESCR: "WS-C3560-48PS"
PID: WS-C3560-48PS-E   , VID: V06, SN: FDO1307Y3AZ


Switch#
Switch#exit
